# JRE version: OpenJDK Runtime Environment Corretto-11.0.12.7.1 (11.0.12+7) (build 11.0.12+7-LTS)
# Java VM: OpenJDK 64-Bit Server VM Corretto-11.0.12.7.1 (11.0.12+7-LTS, mixed mode, tiered, compressed oops, g1 gc, windows-amd64)
Heap:
 garbage-first heap   total 262144K, used 134725K [0x0000000080000000, 0x0000000100000000)
  region size 1024K, 12 young (12288K), 2 survivors (2048K)
 Metaspace       used 146708K, capacity 150603K, committed 152024K, reserved 1181696K
  class space    used 17680K, capacity 19140K, committed 19456K, reserved 1048576K
GC Heap History (20 events):
Event: 12278.900 GC heap before
{Heap before GC invocations=75 (full 0):
 garbage-first heap   total 262144K, used 131828K [0x0000000080000000, 0x0000000100000000)
  region size 1024K, 7 young (7168K), 1 survivors (1024K)
 Metaspace       used 146090K, capacity 149917K, committed 152024K, reserved 1181696K
  class space    used 17658K, capacity 19108K, committed 19456K, reserved 1048576K
}
Event: 12278.905 GC heap after
{Heap after GC invocations=76 (full 0):
 garbage-first heap   total 262144K, used 126713K [0x0000000080000000, 0x0000000100000000)
  region size 1024K, 1 young (1024K), 1 survivors (1024K)
 Metaspace       used 146090K, capacity 149917K, committed 152024K, reserved 1181696K
  class space    used 17658K, capacity 19108K, committed 19456K, reserved 1048576K
}
Event: 12298.673 GC heap before
{Heap before GC invocations=77 (full 0):
 garbage-first heap   total 262144K, used 196345K [0x0000000080000000, 0x0000000100000000)
  region size 1024K, 68 young (69632K), 1 survivors (1024K)
 Metaspace       used 146041K, capacity 149866K, committed 152024K, reserved 1181696K
  class space    used 17641K, capacity 19079K, committed 19456K, reserved 1048576K
}
Event: 12298.682 GC heap after
{Heap after GC invocations=78 (full 0):
 garbage-first heap   total 262144K, used 132989K [0x0000000080000000, 0x0000000100000000)
  region size 1024K, 7 young (7168K), 7 survivors (7168K)
 Metaspace       used 146041K, capacity 149866K, committed 152024K, reserved 1181696K
  class space    used 17641K, capacity 19079K, committed 19456K, reserved 1048576K
}
Event: 12298.816 GC heap before
{Heap before GC invocations=78 (full 0):
 garbage-first heap   total 262144K, used 138109K [0x0000000080000000, 0x0000000100000000)
  region size 1024K, 12 young (12288K), 7 survivors (7168K)
 Metaspace       used 146045K, capacity 149866K, committed 152024K, reserved 1181696K
  class space    used 17642K, capacity 19079K, committed 19456K, reserved 1048576K
}
Event: 12298.853 GC heap after
{Heap after GC invocations=79 (full 0):
 garbage-first heap   total 262144K, used 122124K [0x0000000080000000, 0x0000000100000000)
  region size 1024K, 2 young (2048K), 2 survivors (2048K)
 Metaspace       used 146045K, capacity 149866K, committed 152024K, reserved 1181696K
  class space    used 17642K, capacity 19079K, committed 19456K, reserved 1048576K
}
Event: 12402.002 GC heap before
{Heap before GC invocations=79 (full 0):
 garbage-first heap   total 262144K, used 189708K [0x0000000080000000, 0x0000000100000000)
  region size 1024K, 70 young (71680K), 2 survivors (2048K)
 Metaspace       used 146510K, capacity 150431K, committed 152024K, reserved 1181696K
  class space    used 17694K, capacity 19175K, committed 19456K, reserved 1048576K
}
Event: 12402.020 GC heap after
{Heap after GC invocations=80 (full 0):
 garbage-first heap   total 262144K, used 127414K [0x0000000080000000, 0x0000000100000000)
  region size 1024K, 7 young (7168K), 7 survivors (7168K)
 Metaspace       used 146510K, capacity 150431K, committed 152024K, reserved 1181696K
  class space    used 17694K, capacity 19175K, committed 19456K, reserved 1048576K
}
Event: 12403.763 GC heap before
{Heap before GC invocations=81 (full 0):
 garbage-first heap   total 262144K, used 205238K [0x0000000080000000, 0x0000000100000000)
  region size 1024K, 78 young (79872K), 7 survivors (7168K)
 Metaspace       used 146849K, capacity 150868K, committed 152024K, reserved 1181696K
  class space    used 17718K, capacity 19215K, committed 19456K, reserved 1048576K
}
Event: 12403.777 GC heap after
{Heap after GC invocations=82 (full 0):
 garbage-first heap   total 262144K, used 136325K [0x0000000080000000, 0x0000000100000000)
  region size 1024K, 5 young (5120K), 5 survivors (5120K)
 Metaspace       used 146849K, capacity 150868K, committed 152024K, reserved 1181696K
  class space    used 17718K, capacity 19215K, committed 19456K, reserved 1048576K
}
Event: 12403.835 GC heap before
{Heap before GC invocations=82 (full 0):
 garbage-first heap   total 262144K, used 143493K [0x0000000080000000, 0x0000000100000000)
  region size 1024K, 12 young (12288K), 5 survivors (5120K)
 Metaspace       used 146858K, capacity 150871K, committed 152024K, reserved 1181696K
  class space    used 17718K, capacity 19215K, committed 19456K, reserved 1048576K
}
Event: 12403.856 GC heap after
{Heap after GC invocations=83 (full 0):
 garbage-first heap   total 262144K, used 129024K [0x0000000080000000, 0x0000000100000000)
  region size 1024K, 2 young (2048K), 2 survivors (2048K)
 Metaspace       used 146858K, capacity 150871K, committed 152024K, reserved 1181696K
  class space    used 17718K, capacity 19215K, committed 19456K, reserved 1048576K
}
Event: 12446.693 GC heap before
{Heap before GC invocations=83 (full 0):
 garbage-first heap   total 262144K, used 202752K [0x0000000080000000, 0x0000000100000000)
  region size 1024K, 75 young (76800K), 2 survivors (2048K)
 Metaspace       used 147119K, capacity 151113K, committed 152024K, reserved 1181696K
  class space    used 17722K, capacity 19224K, committed 19456K, reserved 1048576K
}
Event: 12446.713 GC heap after
{Heap after GC invocations=84 (full 0):
 garbage-first heap   total 262144K, used 131306K [0x0000000080000000, 0x0000000100000000)
  region size 1024K, 7 young (7168K), 7 survivors (7168K)
 Metaspace       used 147119K, capacity 151113K, committed 152024K, reserved 1181696K
  class space    used 17722K, capacity 19224K, committed 19456K, reserved 1048576K
}
Event: 12693.502 GC heap before
{Heap before GC invocations=85 (full 0):
 garbage-first heap   total 262144K, used 205034K [0x0000000080000000, 0x0000000100000000)
  region size 1024K, 80 young (81920K), 7 survivors (7168K)
 Metaspace       used 146716K, capacity 150624K, committed 152024K, reserved 1181696K
  class space    used 17690K, capacity 19162K, committed 19456K, reserved 1048576K
}
Event: 12693.514 GC heap after
{Heap after GC invocations=86 (full 0):
 garbage-first heap   total 262144K, used 132671K [0x0000000080000000, 0x0000000100000000)
  region size 1024K, 6 young (6144K), 6 survivors (6144K)
 Metaspace       used 146716K, capacity 150624K, committed 152024K, reserved 1181696K
  class space    used 17690K, capacity 19162K, committed 19456K, reserved 1048576K
}
Event: 12693.570 GC heap before
{Heap before GC invocations=86 (full 0):
 garbage-first heap   total 262144K, used 138815K [0x0000000080000000, 0x0000000100000000)
  region size 1024K, 12 young (12288K), 6 survivors (6144K)
 Metaspace       used 146722K, capacity 150624K, committed 152024K, reserved 1181696K
  class space    used 17690K, capacity 19162K, committed 19456K, reserved 1048576K
}
Event: 12693.588 GC heap after
{Heap after GC invocations=87 (full 0):
 garbage-first heap   total 262144K, used 125509K [0x0000000080000000, 0x0000000100000000)
  region size 1024K, 1 young (1024K), 1 survivors (1024K)
 Metaspace       used 146722K, capacity 150624K, committed 152024K, reserved 1181696K
  class space    used 17690K, capacity 19162K, committed 19456K, reserved 1048576K
}
Event: 12735.575 GC heap before
{Heap before GC invocations=87 (full 0):
 garbage-first heap   total 262144K, used 205381K [0x0000000080000000, 0x0000000100000000)
  region size 1024K, 80 young (81920K), 1 survivors (1024K)
 Metaspace       used 146878K, capacity 150847K, committed 152024K, reserved 1181696K
  class space    used 17694K, capacity 19168K, committed 19456K, reserved 1048576K
}
Event: 12735.588 GC heap after
{Heap after GC invocations=88 (full 0):
 garbage-first heap   total 262144K, used 126533K [0x0000000080000000, 0x0000000100000000)
  region size 1024K, 2 young (2048K), 2 survivors (2048K)
 Metaspace       used 146878K, capacity 150847K, committed 152024K, reserved 1181696K
  class space    used 17694K, capacity 19168K, committed 19456K, reserved 1048576K
}

